************ Start Display Current Environment ************
Log file started at: [5/10/20 3:09:01:363 UTC]
************* End Display Current Environment *************
[5/10/20 3:14:34:612 UTC] 000000a1 SystemErr     R org.eclipse.jst.j2ee.commonarchivecore.internal.exception.OpenFailureException: IWAE0037E Could not open /apps/CertLoginSample.war
Stack trace of nested exception:
java.io.FileNotFoundException: IWAE0036E URI Name: /apps/CertLoginSample.war; File name: /apps/CertLoginSample.war
	at org.eclipse.jst.j2ee.commonarchivecore.internal.impl.CommonarchiveFactoryImpl.createLoadStrategy(CommonarchiveFactoryImpl.java:996)
	at org.eclipse.jst.j2ee.commonarchivecore.internal.impl.CommonarchiveFactoryImpl.primOpenArchive(CommonarchiveFactoryImpl.java:1726)
	at org.eclipse.jst.j2ee.commonarchivecore.internal.helpers.ArchiveTypeDiscriminatorImpl.fullOpenArchive(ArchiveTypeDiscriminatorImpl.java:414)
	at org.eclipse.jst.j2ee.commonarchivecore.internal.impl.RootEARFileDescriminatorImpl.fullOpenArchive(RootEARFileDescriminatorImpl.java:53)
	at org.eclipse.jst.j2ee.commonarchivecore.internal.impl.CommonarchiveFactoryImpl.openEARFile(CommonarchiveFactoryImpl.java:1606)
	at org.eclipse.jst.j2ee.commonarchivecore.internal.impl.CommonarchiveFactoryImpl.openEARFile(CommonarchiveFactoryImpl.java:1580)
	at com.ibm.etools.commonarchive.impl.CommonarchiveFactoryImpl.openEARFile(CommonarchiveFactoryImpl.java:625)
	at com.ibm.websphere.management.application.EarUtils.getEarFile(EarUtils.java:93)
	at com.ibm.ws.console.appmanagement.AppManagementHelper.copyToWorkspace(AppManagementHelper.java:862)
	at com.ibm.ws.console.appmanagement.action.UploadAction.formUpload(UploadAction.java:388)
	at com.ibm.ws.console.appmanagement.action.UploadAction.execute(UploadAction.java:140)
	at org.apache.struts.action.RequestProcessor.processActionPerform(Unknown Source)
	at org.apache.struts.action.RequestProcessor.process(Unknown Source)
	at org.apache.struts.action.ActionServlet.process(Unknown Source)
	at org.apache.struts.action.ActionServlet.doPost(Unknown Source)
	at javax.servlet.http.HttpServlet.service(HttpServlet.java:707)
	at javax.servlet.http.HttpServlet.service(HttpServlet.java:790)
	at com.ibm.ws.webcontainer.servlet.ServletWrapper.service(ServletWrapper.java:1235)
	at com.ibm.ws.webcontainer.servlet.ServletWrapper.handleRequest(ServletWrapper.java:779)
	at com.ibm.ws.webcontainer.servlet.ServletWrapper.handleRequest(ServletWrapper.java:478)
	at com.ibm.ws.webcontainer.servlet.ServletWrapperImpl.handleRequest(ServletWrapperImpl.java:179)
	at com.ibm.ws.webcontainer.filter.WebAppFilterChain.invokeTarget(WebAppFilterChain.java:143)
	at com.ibm.ws.webcontainer.filter.WebAppFilterChain.doFilter(WebAppFilterChain.java:96)
	at com.ibm.ws.console.core.servlet.WSCUrlFilter.setUpCommandAssistance(WSCUrlFilter.java:975)
	at com.ibm.ws.console.core.servlet.WSCUrlFilter.continueStoringTaskState(WSCUrlFilter.java:522)
	at com.ibm.ws.console.core.servlet.WSCUrlFilter.doFilter(WSCUrlFilter.java:343)
	at com.ibm.ws.webcontainer.filter.FilterInstanceWrapper.doFilter(FilterInstanceWrapper.java:197)
	at com.ibm.ws.webcontainer.filter.WebAppFilterChain.doFilter(WebAppFilterChain.java:90)
	at com.ibm.ws.webcontainer.filter.WebAppFilterManager.doFilter(WebAppFilterManager.java:969)
	at com.ibm.ws.webcontainer.filter.WebAppFilterManager.invokeFilters(WebAppFilterManager.java:1109)
	at com.ibm.ws.webcontainer.servlet.CacheServletWrapper.handleRequest(CacheServletWrapper.java:82)
	at com.ibm.ws.webcontainer.WebContainer.handleRequest(WebContainer.java:963)
	at com.ibm.ws.webcontainer.WSWebContainer.handleRequest(WSWebContainer.java:1817)
	at com.ibm.ws.webcontainer.channel.WCChannelLink.ready(WCChannelLink.java:382)
	at com.ibm.ws.http.channel.inbound.impl.HttpInboundLink.handleDiscrimination(HttpInboundLink.java:465)
	at com.ibm.ws.http.channel.inbound.impl.HttpInboundLink.handleNewRequest(HttpInboundLink.java:532)
	at com.ibm.ws.http.channel.inbound.impl.HttpInboundLink.processRequest(HttpInboundLink.java:318)
	at com.ibm.ws.http.channel.inbound.impl.HttpICLReadCallback.complete(HttpICLReadCallback.java:88)
	at com.ibm.ws.ssl.channel.impl.SSLReadServiceContext$SSLReadCompletedCallback.complete(SSLReadServiceContext.java:1833)
	at com.ibm.ws.tcp.channel.impl.AioReadCompletionListener.futureCompleted(AioReadCompletionListener.java:175)
	at com.ibm.io.async.AbstractAsyncFuture.invokeCallback(AbstractAsyncFuture.java:217)
	at com.ibm.io.async.AsyncChannelFuture.fireCompletionActions(AsyncChannelFuture.java:161)
	at com.ibm.io.async.AsyncFuture.completed(AsyncFuture.java:138)
	at com.ibm.io.async.ResultHandler.complete(ResultHandler.java:204)
	at com.ibm.io.async.ResultHandler.runEventProcessingLoop(ResultHandler.java:775)
	at com.ibm.io.async.ResultHandler$2.run(ResultHandler.java:905)
	at com.ibm.ws.util.ThreadPool$Worker.run(ThreadPool.java:1909)

[5/10/20 3:14:34:615 UTC] 000000a1 SystemErr     R Stack trace of nested exception:
[5/10/20 3:14:34:616 UTC] 000000a1 SystemErr     R java.io.FileNotFoundException: IWAE0036E URI Name: /apps/CertLoginSample.war; File name: /apps/CertLoginSample.war
[5/10/20 3:14:34:618 UTC] 000000a1 SystemErr     R 	at org.eclipse.jst.j2ee.commonarchivecore.internal.impl.CommonarchiveFactoryImpl.createLoadStrategy(CommonarchiveFactoryImpl.java:996)
[5/10/20 3:14:34:620 UTC] 000000a1 SystemErr     R 	at org.eclipse.jst.j2ee.commonarchivecore.internal.impl.CommonarchiveFactoryImpl.primOpenArchive(CommonarchiveFactoryImpl.java:1726)
[5/10/20 3:14:34:621 UTC] 000000a1 SystemErr     R 	at org.eclipse.jst.j2ee.commonarchivecore.internal.helpers.ArchiveTypeDiscriminatorImpl.fullOpenArchive(ArchiveTypeDiscriminatorImpl.java:414)
[5/10/20 3:14:34:623 UTC] 000000a1 SystemErr     R 	at org.eclipse.jst.j2ee.commonarchivecore.internal.impl.RootEARFileDescriminatorImpl.fullOpenArchive(RootEARFileDescriminatorImpl.java:53)
[5/10/20 3:14:34:624 UTC] 000000a1 SystemErr     R 	at org.eclipse.jst.j2ee.commonarchivecore.internal.impl.CommonarchiveFactoryImpl.openEARFile(CommonarchiveFactoryImpl.java:1606)
[5/10/20 3:14:34:625 UTC] 000000a1 SystemErr     R 	at org.eclipse.jst.j2ee.commonarchivecore.internal.impl.CommonarchiveFactoryImpl.openEARFile(CommonarchiveFactoryImpl.java:1580)
[5/10/20 3:14:34:626 UTC] 000000a1 SystemErr     R 	at com.ibm.etools.commonarchive.impl.CommonarchiveFactoryImpl.openEARFile(CommonarchiveFactoryImpl.java:625)
[5/10/20 3:14:34:627 UTC] 000000a1 SystemErr     R 	at com.ibm.websphere.management.application.EarUtils.getEarFile(EarUtils.java:93)
[5/10/20 3:14:34:628 UTC] 000000a1 SystemErr     R 	at com.ibm.ws.console.appmanagement.AppManagementHelper.copyToWorkspace(AppManagementHelper.java:862)
[5/10/20 3:14:34:629 UTC] 000000a1 SystemErr     R 	at com.ibm.ws.console.appmanagement.action.UploadAction.formUpload(UploadAction.java:388)
[5/10/20 3:14:34:631 UTC] 000000a1 SystemErr     R 	at com.ibm.ws.console.appmanagement.action.UploadAction.execute(UploadAction.java:140)
[5/10/20 3:14:34:632 UTC] 000000a1 SystemErr     R 	at org.apache.struts.action.RequestProcessor.processActionPerform(Unknown Source)
[5/10/20 3:14:34:633 UTC] 000000a1 SystemErr     R 	at org.apache.struts.action.RequestProcessor.process(Unknown Source)
[5/10/20 3:14:34:635 UTC] 000000a1 SystemErr     R 	at org.apache.struts.action.ActionServlet.process(Unknown Source)
[5/10/20 3:14:34:636 UTC] 000000a1 SystemErr     R 	at org.apache.struts.action.ActionServlet.doPost(Unknown Source)
[5/10/20 3:14:34:637 UTC] 000000a1 SystemErr     R 	at javax.servlet.http.HttpServlet.service(HttpServlet.java:707)
[5/10/20 3:14:34:639 UTC] 000000a1 SystemErr     R 	at javax.servlet.http.HttpServlet.service(HttpServlet.java:790)
[5/10/20 3:14:34:640 UTC] 000000a1 SystemErr     R 	at com.ibm.ws.webcontainer.servlet.ServletWrapper.service(ServletWrapper.java:1235)
[5/10/20 3:14:34:641 UTC] 000000a1 SystemErr     R 	at com.ibm.ws.webcontainer.servlet.ServletWrapper.handleRequest(ServletWrapper.java:779)
[5/10/20 3:14:34:642 UTC] 000000a1 SystemErr     R 	at com.ibm.ws.webcontainer.servlet.ServletWrapper.handleRequest(ServletWrapper.java:478)
[5/10/20 3:14:34:643 UTC] 000000a1 SystemErr     R 	at com.ibm.ws.webcontainer.servlet.ServletWrapperImpl.handleRequest(ServletWrapperImpl.java:179)
[5/10/20 3:14:34:644 UTC] 000000a1 SystemErr     R 	at com.ibm.ws.webcontainer.filter.WebAppFilterChain.invokeTarget(WebAppFilterChain.java:143)
[5/10/20 3:14:34:645 UTC] 000000a1 SystemErr     R 	at com.ibm.ws.webcontainer.filter.WebAppFilterChain.doFilter(WebAppFilterChain.java:96)
[5/10/20 3:14:34:647 UTC] 000000a1 SystemErr     R 	at com.ibm.ws.console.core.servlet.WSCUrlFilter.setUpCommandAssistance(WSCUrlFilter.java:975)
[5/10/20 3:14:34:648 UTC] 000000a1 SystemErr     R 	at com.ibm.ws.console.core.servlet.WSCUrlFilter.continueStoringTaskState(WSCUrlFilter.java:522)
[5/10/20 3:14:34:649 UTC] 000000a1 SystemErr     R 	at com.ibm.ws.console.core.servlet.WSCUrlFilter.doFilter(WSCUrlFilter.java:343)
[5/10/20 3:14:34:650 UTC] 000000a1 SystemErr     R 	at com.ibm.ws.webcontainer.filter.FilterInstanceWrapper.doFilter(FilterInstanceWrapper.java:197)
[5/10/20 3:14:34:651 UTC] 000000a1 SystemErr     R 	at com.ibm.ws.webcontainer.filter.WebAppFilterChain.doFilter(WebAppFilterChain.java:90)
[5/10/20 3:14:34:653 UTC] 000000a1 SystemErr     R 	at com.ibm.ws.webcontainer.filter.WebAppFilterManager.doFilter(WebAppFilterManager.java:969)
[5/10/20 3:14:34:654 UTC] 000000a1 SystemErr     R 	at com.ibm.ws.webcontainer.filter.WebAppFilterManager.invokeFilters(WebAppFilterManager.java:1109)
[5/10/20 3:14:34:655 UTC] 000000a1 SystemErr     R 	at com.ibm.ws.webcontainer.servlet.CacheServletWrapper.handleRequest(CacheServletWrapper.java:82)
[5/10/20 3:14:34:656 UTC] 000000a1 SystemErr     R 	at com.ibm.ws.webcontainer.WebContainer.handleRequest(WebContainer.java:963)
[5/10/20 3:14:34:657 UTC] 000000a1 SystemErr     R 	at com.ibm.ws.webcontainer.WSWebContainer.handleRequest(WSWebContainer.java:1817)
[5/10/20 3:14:34:658 UTC] 000000a1 SystemErr     R 	at com.ibm.ws.webcontainer.channel.WCChannelLink.ready(WCChannelLink.java:382)
[5/10/20 3:14:34:660 UTC] 000000a1 SystemErr     R 	at com.ibm.ws.http.channel.inbound.impl.HttpInboundLink.handleDiscrimination(HttpInboundLink.java:465)
[5/10/20 3:14:34:661 UTC] 000000a1 SystemErr     R 	at com.ibm.ws.http.channel.inbound.impl.HttpInboundLink.handleNewRequest(HttpInboundLink.java:532)
[5/10/20 3:14:34:663 UTC] 000000a1 SystemErr     R 	at com.ibm.ws.http.channel.inbound.impl.HttpInboundLink.processRequest(HttpInboundLink.java:318)
[5/10/20 3:14:34:664 UTC] 000000a1 SystemErr     R 	at com.ibm.ws.http.channel.inbound.impl.HttpICLReadCallback.complete(HttpICLReadCallback.java:88)
[5/10/20 3:14:34:665 UTC] 000000a1 SystemErr     R 	at com.ibm.ws.ssl.channel.impl.SSLReadServiceContext$SSLReadCompletedCallback.complete(SSLReadServiceContext.java:1833)
[5/10/20 3:14:34:666 UTC] 000000a1 SystemErr     R 	at com.ibm.ws.tcp.channel.impl.AioReadCompletionListener.futureCompleted(AioReadCompletionListener.java:175)
[5/10/20 3:14:34:667 UTC] 000000a1 SystemErr     R 	at com.ibm.io.async.AbstractAsyncFuture.invokeCallback(AbstractAsyncFuture.java:217)
[5/10/20 3:14:34:669 UTC] 000000a1 SystemErr     R 	at com.ibm.io.async.AsyncChannelFuture.fireCompletionActions(AsyncChannelFuture.java:161)
[5/10/20 3:14:34:670 UTC] 000000a1 SystemErr     R 	at com.ibm.io.async.AsyncFuture.completed(AsyncFuture.java:138)
[5/10/20 3:14:34:671 UTC] 000000a1 SystemErr     R 	at com.ibm.io.async.ResultHandler.complete(ResultHandler.java:204)
[5/10/20 3:14:34:672 UTC] 000000a1 SystemErr     R 	at com.ibm.io.async.ResultHandler.runEventProcessingLoop(ResultHandler.java:775)
[5/10/20 3:14:34:673 UTC] 000000a1 SystemErr     R 	at com.ibm.io.async.ResultHandler$2.run(ResultHandler.java:905)
[5/10/20 3:14:34:675 UTC] 000000a1 SystemErr     R 	at com.ibm.ws.util.ThreadPool$Worker.run(ThreadPool.java:1909)
[5/10/20 3:14:34:676 UTC] 000000a1 SystemErr     R javax.servlet.ServletException: org.eclipse.jst.j2ee.commonarchivecore.internal.exception.OpenFailureException: IWAE0037E Could not open /apps/CertLoginSample.war
[5/10/20 3:14:34:677 UTC] 000000a1 SystemErr     R 	at com.ibm.ws.console.appmanagement.AppManagementHelper.copyToWorkspace(AppManagementHelper.java:892)
[5/10/20 3:14:34:678 UTC] 000000a1 SystemErr     R 	at com.ibm.ws.console.appmanagement.action.UploadAction.formUpload(UploadAction.java:388)
[5/10/20 3:14:34:680 UTC] 000000a1 SystemErr     R 	at com.ibm.ws.console.appmanagement.action.UploadAction.execute(UploadAction.java:140)
[5/10/20 3:14:34:681 UTC] 000000a1 SystemErr     R 	at org.apache.struts.action.RequestProcessor.processActionPerform(Unknown Source)
[5/10/20 3:14:34:682 UTC] 000000a1 SystemErr     R 	at org.apache.struts.action.RequestProcessor.process(Unknown Source)
[5/10/20 3:14:34:683 UTC] 000000a1 SystemErr     R 	at org.apache.struts.action.ActionServlet.process(Unknown Source)
[5/10/20 3:14:34:684 UTC] 000000a1 SystemErr     R 	at org.apache.struts.action.ActionServlet.doPost(Unknown Source)
[5/10/20 3:14:34:686 UTC] 000000a1 SystemErr     R 	at javax.servlet.http.HttpServlet.service(HttpServlet.java:707)
[5/10/20 3:14:34:687 UTC] 000000a1 SystemErr     R 	at javax.servlet.http.HttpServlet.service(HttpServlet.java:790)
[5/10/20 3:14:34:688 UTC] 000000a1 SystemErr     R 	at com.ibm.ws.webcontainer.servlet.ServletWrapper.service(ServletWrapper.java:1235)
[5/10/20 3:14:34:689 UTC] 000000a1 SystemErr     R 	at com.ibm.ws.webcontainer.servlet.ServletWrapper.handleRequest(ServletWrapper.java:779)
[5/10/20 3:14:34:690 UTC] 000000a1 SystemErr     R 	at com.ibm.ws.webcontainer.servlet.ServletWrapper.handleRequest(ServletWrapper.java:478)
[5/10/20 3:14:34:691 UTC] 000000a1 SystemErr     R 	at com.ibm.ws.webcontainer.servlet.ServletWrapperImpl.handleRequest(ServletWrapperImpl.java:179)
[5/10/20 3:14:34:692 UTC] 000000a1 SystemErr     R 	at com.ibm.ws.webcontainer.filter.WebAppFilterChain.invokeTarget(WebAppFilterChain.java:143)
[5/10/20 3:14:34:694 UTC] 000000a1 SystemErr     R 	at com.ibm.ws.webcontainer.filter.WebAppFilterChain.doFilter(WebAppFilterChain.java:96)
[5/10/20 3:14:34:695 UTC] 000000a1 SystemErr     R 	at com.ibm.ws.console.core.servlet.WSCUrlFilter.setUpCommandAssistance(WSCUrlFilter.java:975)
[5/10/20 3:14:34:696 UTC] 000000a1 SystemErr     R 	at com.ibm.ws.console.core.servlet.WSCUrlFilter.continueStoringTaskState(WSCUrlFilter.java:522)
[5/10/20 3:14:34:697 UTC] 000000a1 SystemErr     R 	at com.ibm.ws.console.core.servlet.WSCUrlFilter.doFilter(WSCUrlFilter.java:343)
[5/10/20 3:14:34:698 UTC] 000000a1 SystemErr     R 	at com.ibm.ws.webcontainer.filter.FilterInstanceWrapper.doFilter(FilterInstanceWrapper.java:197)
[5/10/20 3:14:34:699 UTC] 000000a1 SystemErr     R 	at com.ibm.ws.webcontainer.filter.WebAppFilterChain.doFilter(WebAppFilterChain.java:90)
[5/10/20 3:14:34:700 UTC] 000000a1 SystemErr     R 	at com.ibm.ws.webcontainer.filter.WebAppFilterManager.doFilter(WebAppFilterManager.java:969)
[5/10/20 3:14:34:702 UTC] 000000a1 SystemErr     R 	at com.ibm.ws.webcontainer.filter.WebAppFilterManager.invokeFilters(WebAppFilterManager.java:1109)
[5/10/20 3:14:34:703 UTC] 000000a1 SystemErr     R 	at com.ibm.ws.webcontainer.servlet.CacheServletWrapper.handleRequest(CacheServletWrapper.java:82)
[5/10/20 3:14:34:704 UTC] 000000a1 SystemErr     R 	at com.ibm.ws.webcontainer.WebContainer.handleRequest(WebContainer.java:963)
[5/10/20 3:14:34:706 UTC] 000000a1 SystemErr     R 	at com.ibm.ws.webcontainer.WSWebContainer.handleRequest(WSWebContainer.java:1817)
[5/10/20 3:14:34:707 UTC] 000000a1 SystemErr     R 	at com.ibm.ws.webcontainer.channel.WCChannelLink.ready(WCChannelLink.java:382)
[5/10/20 3:14:34:708 UTC] 000000a1 SystemErr     R 	at com.ibm.ws.http.channel.inbound.impl.HttpInboundLink.handleDiscrimination(HttpInboundLink.java:465)
[5/10/20 3:14:34:709 UTC] 000000a1 SystemErr     R 	at com.ibm.ws.http.channel.inbound.impl.HttpInboundLink.handleNewRequest(HttpInboundLink.java:532)
[5/10/20 3:14:34:711 UTC] 000000a1 SystemErr     R 	at com.ibm.ws.http.channel.inbound.impl.HttpInboundLink.processRequest(HttpInboundLink.java:318)
[5/10/20 3:14:34:712 UTC] 000000a1 SystemErr     R 	at com.ibm.ws.http.channel.inbound.impl.HttpICLReadCallback.complete(HttpICLReadCallback.java:88)
[5/10/20 3:14:34:713 UTC] 000000a1 SystemErr     R 	at com.ibm.ws.ssl.channel.impl.SSLReadServiceContext$SSLReadCompletedCallback.complete(SSLReadServiceContext.java:1833)
[5/10/20 3:14:34:714 UTC] 000000a1 SystemErr     R 	at com.ibm.ws.tcp.channel.impl.AioReadCompletionListener.futureCompleted(AioReadCompletionListener.java:175)
[5/10/20 3:14:34:715 UTC] 000000a1 SystemErr     R 	at com.ibm.io.async.AbstractAsyncFuture.invokeCallback(AbstractAsyncFuture.java:217)
[5/10/20 3:14:34:717 UTC] 000000a1 SystemErr     R 	at com.ibm.io.async.AsyncChannelFuture.fireCompletionActions(AsyncChannelFuture.java:161)
[5/10/20 3:14:34:718 UTC] 000000a1 SystemErr     R 	at com.ibm.io.async.AsyncFuture.completed(AsyncFuture.java:138)
[5/10/20 3:14:34:719 UTC] 000000a1 SystemErr     R 	at com.ibm.io.async.ResultHandler.complete(ResultHandler.java:204)
[5/10/20 3:14:34:720 UTC] 000000a1 SystemErr     R 	at com.ibm.io.async.ResultHandler.runEventProcessingLoop(ResultHandler.java:775)
[5/10/20 3:14:34:722 UTC] 000000a1 SystemErr     R 	at com.ibm.io.async.ResultHandler$2.run(ResultHandler.java:905)
[5/10/20 3:14:34:723 UTC] 000000a1 SystemErr     R 	at com.ibm.ws.util.ThreadPool$Worker.run(ThreadPool.java:1909)
[5/10/20 3:14:34:724 UTC] 000000a1 SystemErr     R Caused by: org.eclipse.jst.j2ee.commonarchivecore.internal.exception.OpenFailureException: IWAE0037E Could not open /apps/CertLoginSample.war
[5/10/20 3:14:34:726 UTC] 000000a1 SystemErr     R 	at org.eclipse.jst.j2ee.commonarchivecore.internal.impl.CommonarchiveFactoryImpl.primOpenArchive(CommonarchiveFactoryImpl.java:1734)
[5/10/20 3:14:34:727 UTC] 000000a1 SystemErr     R 	at org.eclipse.jst.j2ee.commonarchivecore.internal.helpers.ArchiveTypeDiscriminatorImpl.fullOpenArchive(ArchiveTypeDiscriminatorImpl.java:414)
[5/10/20 3:14:34:728 UTC] 000000a1 SystemErr     R 	at org.eclipse.jst.j2ee.commonarchivecore.internal.impl.RootEARFileDescriminatorImpl.fullOpenArchive(RootEARFileDescriminatorImpl.java:53)
[5/10/20 3:14:34:729 UTC] 000000a1 SystemErr     R 	at org.eclipse.jst.j2ee.commonarchivecore.internal.impl.CommonarchiveFactoryImpl.openEARFile(CommonarchiveFactoryImpl.java:1606)
[5/10/20 3:14:34:730 UTC] 000000a1 SystemErr     R 	at org.eclipse.jst.j2ee.commonarchivecore.internal.impl.CommonarchiveFactoryImpl.openEARFile(CommonarchiveFactoryImpl.java:1580)
[5/10/20 3:14:34:732 UTC] 000000a1 SystemErr     R 	at com.ibm.etools.commonarchive.impl.CommonarchiveFactoryImpl.openEARFile(CommonarchiveFactoryImpl.java:625)
[5/10/20 3:14:34:733 UTC] 000000a1 SystemErr     R 	at com.ibm.websphere.management.application.EarUtils.getEarFile(EarUtils.java:93)
[5/10/20 3:14:34:734 UTC] 000000a1 SystemErr     R 	at com.ibm.ws.console.appmanagement.AppManagementHelper.copyToWorkspace(AppManagementHelper.java:862)
[5/10/20 3:14:34:735 UTC] 000000a1 SystemErr     R 	... 38 more
[5/10/20 3:14:34:736 UTC] 000000a1 SystemErr     R Caused by: java.io.FileNotFoundException: IWAE0036E URI Name: /apps/CertLoginSample.war; File name: /apps/CertLoginSample.war
[5/10/20 3:14:34:738 UTC] 000000a1 SystemErr     R 	at org.eclipse.jst.j2ee.commonarchivecore.internal.impl.CommonarchiveFactoryImpl.createLoadStrategy(CommonarchiveFactoryImpl.java:996)
[5/10/20 3:14:34:739 UTC] 000000a1 SystemErr     R 	at org.eclipse.jst.j2ee.commonarchivecore.internal.impl.CommonarchiveFactoryImpl.primOpenArchive(CommonarchiveFactoryImpl.java:1726)
[5/10/20 3:14:34:740 UTC] 000000a1 SystemErr     R 	... 45 more
